benchmark/build/outputs/mapping/release/seeds.txt
fr.cedriccreusot.benchmark.R$attr: int materialButtonToggleGroupStyle
fr.cedriccreusot.benchmark.R$styleable: int ConstraintLayout_Layout_layout_constraintHeight_default
fr.cedriccreusot.benchmark.R$style: int Widget_Design_CollapsingToolbar
fr.cedriccreusot.benchmark.R$styleable: int Constraint_pathMotionArc
fr.cedriccreusot.benchmark.R$color: int abc_search_url_text_selected
fr.cedriccreusot.benchmark.R$styleable: int ConstraintLayout_Layout_layout_constraintEnd_toStartOf
fr.cedriccreusot.benchmark.R$attr: int itemIconSize
fr.cedriccreusot.benchmark.R$attr: int titleMarginBottom
fr.cedriccreusot.benchmark.R$drawable: int abc_ratingbar_indicator_material
fr.cedriccreusot.benchmark.R$style: int Widget_MaterialComponents_MaterialCalendar
fr.cedriccreusot.benchmark.R$attr: int helperTextTextColor
fr.cedriccreusot.benchmark.R$layout: int abc_dialog_title_material
fr.cedriccreusot.benchmark.R$dimen: int mtrl_large_touch_target
fr.cedriccreusot.benchmark.R$styleable: int MenuView_android_itemBackground
fr.cedriccreusot.benchmark.R$style: int ThemeOverlay_MaterialComponents_AutoCompleteTextView_FilledBox
fr.cedriccreusot.benchmark.R$styleable: int SearchView_goIcon
fr.cedriccreusot.benchmark.R$layout: int design_layout_tab_icon
fr.cedriccreusot.benchmark.R$id: int up
fr.cedriccreusot.benchmark.R$style: int Base_TextAppearance_AppCompat_Widget_ActionBar_Subtitle
fr.cedriccreusot.benchmark.R$attr: int motionInterpolator
fr.cedriccreusot.benchmark.R$styleable: int ActionMode_background
fr.cedriccreusot.benchmark.R$style: int Widget_AppCompat_DrawerArrowToggle
fr.cedriccreusot.benchmark.R$style: int Base_Theme_MaterialComponents_Light
fr.cedriccreusot.benchmark.R$attr: int backgroundOverlayColorAlpha
fr.cedriccreusot.benchmark.R$styleable: int ConstraintSet_android_maxHeight
fr.cedriccreusot.benchmark.R$style: int Base_Widget_AppCompat_ProgressBar_Horizontal
fr.cedriccreusot.benchmark.R$attr: int ttcIndex
fr.cedriccreusot.benchmark.R$styleable: int[] LinearLayoutCompat
fr.cedriccreusot.benchmark.R$styleable: int AppCompatTheme_listMenuViewStyle
fr.cedriccreusot.benchmark.R$styleable: int Layout_layout_constraintWidth_min
fr.cedriccreusot.benchmark.R$styleable: int AlertDialog_listItemLayout
fr.cedriccreusot.benchmark.R$styleable: int CustomAttribute_customStringValue
fr.cedriccreusot.benchmark.R$dimen: int mtrl_calendar_day_height
fr.cedriccreusot.benchmark.R$layout: int design_bottom_navigation_item
fr.cedriccreusot.benchmark.R$styleable: int AlertDialog_singleChoiceItemLayout
fr.cedriccreusot.benchmark.R$styleable: int PopupWindow_android_popupAnimationStyle
fr.cedriccreusot.benchmark.R$attr: int contentPadding
fr.cedriccreusot.benchmark.R$styleable: int SwitchCompat_showText
fr.cedriccreusot.benchmark.R$id: int visible
fr.cedriccreusot.benchmark.R$styleable: int AppCompatTheme_actionBarTabBarStyle
fr.cedriccreusot.benchmark.R$styleable: int[] SwitchCompat
fr.cedriccreusot.benchmark.R$drawable: int abc_ic_arrow_drop_right_black_24dp
fr.cedriccreusot.benchmark.R$styleable: int[] DynamicActivityNavigator
fr.cedriccreusot.benchmark.R$dimen: int abc_dialog_fixed_height_major
fr.cedriccreusot.benchmark.R$id: int mtrl_picker_fullscreen
fr.cedriccreusot.benchmark.R$color: int material_on_background_emphasis_high_type
fr.cedriccreusot.benchmark.R$string: int fab_transformation_sheet_behavior
fr.cedriccreusot.benchmark.R$styleable: int GradientColor_android_endColor
fr.cedriccreusot.benchmark.R$dimen: int abc_text_size_large_material
fr.cedriccreusot.benchmark.R$styleable: int Toolbar_subtitleTextColor
fr.cedriccreusot.benchmark.R$color: int bright_foreground_material_light
fr.cedriccreusot.benchmark.R$style: int ThemeOverlay_MaterialComponents
fr.cedriccreusot.benchmark.R$style: int Widget_MaterialComponents_MaterialCalendar_HeaderSelection
fr.cedriccreusot.benchmark.R$interpolator: int fast_out_slow_in