benchmark/build/outputs/mapping/release/usage.txt
fr.cedriccreusot.benchmark.BuildConfig